::1 - - [30/Sep/2016:19:25:31 +0000] "GET / HTTP/1.1" 404 13 "-" "Mozilla/5.0 (Windows NT 6.3; WOW64) AppleWebKit/537.36 (KHTML, like Gecko) Chrome/51.0.2704.103 Safari/537.36"
::1 - - [30/Sep/2016:19:26:19 +0000] "GET /api HTTP/1.1" 200 14 "-" "Mozilla/5.0 (Windows NT 6.3; WOW64) AppleWebKit/537.36 (KHTML, like Gecko) Chrome/51.0.2704.103 Safari/537.36"
::1 - - [30/Sep/2016:19:28:08 +0000] "GET /api/articles HTTP/1.1" 404 25 "-" "Mozilla/5.0 (Windows NT 6.3; WOW64) AppleWebKit/537.36 (KHTML, like Gecko) Chrome/51.0.2704.103 Safari/537.36"
::1 - - [30/Sep/2016:19:28:19 +0000] "GET /api/articles HTTP/1.1" 200 27 "-" "Mozilla/5.0 (Windows NT 6.3; WOW64) AppleWebKit/537.36 (KHTML, like Gecko) Chrome/51.0.2704.103 Safari/537.36"
::1 - - [02/Oct/2016:19:17:15 +0000] "GET / HTTP/1.1" 404 13 "-" "Mozilla/5.0 (Windows NT 6.3; WOW64) AppleWebKit/537.36 (KHTML, like Gecko) Chrome/51.0.2704.103 Safari/537.36"
::1 - - [02/Oct/2016:19:17:33 +0000] "GET /api HTTP/1.1" 200 14 "-" "Mozilla/5.0 (Windows NT 6.3; WOW64) AppleWebKit/537.36 (KHTML, like Gecko) Chrome/51.0.2704.103 Safari/537.36"
::1 - - [02/Oct/2016:19:17:47 +0000] "GET /index.html HTTP/1.1" 404 23 "-" "Mozilla/5.0 (Windows NT 6.3; WOW64) AppleWebKit/537.36 (KHTML, like Gecko) Chrome/51.0.2704.103 Safari/537.36"
::1 - - [02/Oct/2016:19:19:12 +0000] "GET /index.html HTTP/1.1" 404 23 "-" "Mozilla/5.0 (Windows NT 6.3; WOW64) AppleWebKit/537.36 (KHTML, like Gecko) Chrome/51.0.2704.103 Safari/537.36"
::1 - - [02/Oct/2016:19:19:32 +0000] "GET /index.html HTTP/1.1" 404 23 "-" "Mozilla/5.0 (Windows NT 6.3; WOW64) AppleWebKit/537.36 (KHTML, like Gecko) Chrome/51.0.2704.103 Safari/537.36"
::1 - - [02/Oct/2016:19:19:34 +0000] "GET /index.html HTTP/1.1" 404 23 "-" "Mozilla/5.0 (Windows NT 6.3; WOW64) AppleWebKit/537.36 (KHTML, like Gecko) Chrome/51.0.2704.103 Safari/537.36"
::1 - - [02/Oct/2016:19:19:34 +0000] "GET /favicon.ico HTTP/1.1" 404 24 "http://localhost:3000/index.html" "Mozilla/5.0 (Windows NT 6.3; WOW64) AppleWebKit/537.36 (KHTML, like Gecko) Chrome/51.0.2704.103 Safari/537.36"
::1 - - [02/Oct/2016:19:19:42 +0000] "GET /index.html HTTP/1.1" 404 23 "-" "Mozilla/5.0 (Windows NT 6.3; WOW64) AppleWebKit/537.36 (KHTML, like Gecko) Chrome/51.0.2704.103 Safari/537.36"
::1 - - [02/Oct/2016:19:19:42 +0000] "GET /favicon.ico HTTP/1.1" 404 24 "http://localhost:3000/index.html" "Mozilla/5.0 (Windows NT 6.3; WOW64) AppleWebKit/537.36 (KHTML, like Gecko) Chrome/51.0.2704.103 Safari/537.36"
::1 - - [02/Oct/2016:19:19:44 +0000] "GET /index.html HTTP/1.1" 404 23 "-" "Mozilla/5.0 (Windows NT 6.3; WOW64) AppleWebKit/537.36 (KHTML, like Gecko) Chrome/51.0.2704.103 Safari/537.36"
::1 - - [02/Oct/2016:19:19:48 +0000] "GET / HTTP/1.1" 404 13 "-" "Mozilla/5.0 (Windows NT 6.3; WOW64) AppleWebKit/537.36 (KHTML, like Gecko) Chrome/51.0.2704.103 Safari/537.36"
::1 - - [02/Oct/2016:19:27:31 +0000] "GET / HTTP/1.1" 404 13 "-" "Mozilla/5.0 (Windows NT 6.3; WOW64) AppleWebKit/537.36 (KHTML, like Gecko) Chrome/51.0.2704.103 Safari/537.36"
::1 - - [02/Oct/2016:19:27:34 +0000] "GET / HTTP/1.1" 404 13 "-" "Mozilla/5.0 (Windows NT 6.3; WOW64) AppleWebKit/537.36 (KHTML, like Gecko) Chrome/51.0.2704.103 Safari/537.36"
::1 - - [02/Oct/2016:19:27:36 +0000] "GET / HTTP/1.1" 404 13 "-" "Mozilla/5.0 (Windows NT 6.3; WOW64) AppleWebKit/537.36 (KHTML, like Gecko) Chrome/51.0.2704.103 Safari/537.36"
::1 - - [02/Oct/2016:19:27:58 +0000] "GET / HTTP/1.1" 404 13 "-" "Mozilla/5.0 (Windows NT 6.3; WOW64) AppleWebKit/537.36 (KHTML, like Gecko) Chrome/51.0.2704.103 Safari/537.36"
::1 - - [02/Oct/2016:19:28:04 +0000] "GET / HTTP/1.1" 404 13 "-" "Mozilla/5.0 (Windows NT 6.3; WOW64) AppleWebKit/537.36 (KHTML, like Gecko) Chrome/51.0.2704.103 Safari/537.36"
::1 - - [02/Oct/2016:19:41:58 +0000] "GET / HTTP/1.1" 200 382 "-" "Mozilla/5.0 (Windows NT 6.3; WOW64) AppleWebKit/537.36 (KHTML, like Gecko) Chrome/51.0.2704.103 Safari/537.36"
::1 - - [02/Oct/2016:19:41:58 +0000] "GET /bower_components/angular-ui-router/release/angular-ui-router.min.js HTTP/1.1" 200 32968 "http://localhost:3000/" "Mozilla/5.0 (Windows NT 6.3; WOW64) AppleWebKit/537.36 (KHTML, like Gecko) Chrome/51.0.2704.103 Safari/537.36"
::1 - - [02/Oct/2016:19:41:58 +0000] "GET /app/app.js HTTP/1.1" 200 653 "http://localhost:3000/" "Mozilla/5.0 (Windows NT 6.3; WOW64) AppleWebKit/537.36 (KHTML, like Gecko) Chrome/51.0.2704.103 Safari/537.36"
::1 - - [02/Oct/2016:19:41:58 +0000] "GET /bower_components/angular/angular.min.js HTTP/1.1" 200 160366 "http://localhost:3000/" "Mozilla/5.0 (Windows NT 6.3; WOW64) AppleWebKit/537.36 (KHTML, like Gecko) Chrome/51.0.2704.103 Safari/537.36"
::1 - - [02/Oct/2016:19:41:58 +0000] "GET /app/main.html HTTP/1.1" 200 54 "http://localhost:3000/" "Mozilla/5.0 (Windows NT 6.3; WOW64) AppleWebKit/537.36 (KHTML, like Gecko) Chrome/51.0.2704.103 Safari/537.36"
::1 - - [02/Oct/2016:19:41:58 +0000] "GET /bower_components/angular/angular.min.js.map HTTP/1.1" 304 - "-" "Mozilla/5.0 (Windows NT 6.3; WOW64) AppleWebKit/537.36 (KHTML, like Gecko) Chrome/51.0.2704.103 Safari/537.36"
::1 - - [02/Oct/2016:19:41:58 +0000] "GET /api HTTP/1.1" 200 14 "http://localhost:3000/" "Mozilla/5.0 (Windows NT 6.3; WOW64) AppleWebKit/537.36 (KHTML, like Gecko) Chrome/51.0.2704.103 Safari/537.36"
